<?xml version="1.0" encoding="UTF-8"?>
<Site BuildName="(empty)"
	BuildStamp="20240828-0610-Experimental"
	Name="devpc"
	Generator="ctest-3.22.1"
	CompilerName="/usr/bin/c++"
	CompilerVersion="11.4.0"
	OSName="Linux"
	Hostname="devpc"
	OSRelease="6.8.0-40-generic"
	OSVersion="#40~22.04.3-Ubuntu SMP PREEMPT_DYNAMIC Tue Jul 30 17:30:19 UTC 2"
	OSPlatform="x86_64"
	Is64Bits="1"
	VendorString="AuthenticAMD"
	VendorID="Advanced Micro Devices"
	FamilyID="25"
	ModelID="80"
	ProcessorCacheSize="512"
	NumberOfLogicalCPU="12"
	NumberOfPhysicalCPU="6"
	TotalVirtualMemory="2047"
	TotalPhysicalMemory="15327"
	LogicalProcessorsPerPhysical="2"
	ProcessorClockFrequency="4017.54"
	>
	<Testing>
		<StartDateTime>Aug 28 13:56 IST</StartDateTime>
		<StartTestTime>1724833613</StartTestTime>
		<TestList/>
		<EndDateTime>Aug 28 13:56 IST</EndDateTime>
		<EndTestTime>1724833613</EndTestTime>
		<ElapsedMinutes>0</ElapsedMinutes>
	</Testing>
</Site>
