<?xml version="1.0" encoding="UTF-8"?>
<Site BuildName="(empty)"
	BuildStamp="20240829-0538-Experimental"
	Name="devpc"
	Generator="ctest-3.22.1"
	CompilerName="/usr/bin/c++"
	CompilerVersion="11.4.0"
	OSName="Linux"
	Hostname="devpc"
	OSRelease="6.8.0-40-generic"
	OSVersion="#40~22.04.3-Ubuntu SMP PREEMPT_DYNAMIC Tue Jul 30 17:30:19 UTC 2"
	OSPlatform="x86_64"
	Is64Bits="1"
	VendorString="AuthenticAMD"
	VendorID="Advanced Micro Devices"
	FamilyID="25"
	ModelID="80"
	ProcessorCacheSize="512"
	NumberOfLogicalCPU="12"
	NumberOfPhysicalCPU="6"
	TotalVirtualMemory="2047"
	TotalPhysicalMemory="15327"
	LogicalProcessorsPerPhysical="2"
	ProcessorClockFrequency="3253.41"
	>
	<Testing>
		<StartDateTime>Aug 29 14:05 IST</StartDateTime>
		<StartTestTime>1724920525</StartTestTime>
		<TestList/>
		<EndDateTime>Aug 29 14:05 IST</EndDateTime>
		<EndTestTime>1724920525</EndTestTime>
		<ElapsedMinutes>0</ElapsedMinutes>
	</Testing>
</Site>
